2022-01-14 19:16:48,581:INFO:Initializing load_model()
2022-01-14 19:16:48,582:INFO:load_model(model_name=model, platform=None, authentication=None, verbose=True)
2022-01-14 19:17:02,260:INFO:Initializing load_model()
2022-01-14 19:17:02,261:INFO:load_model(model_name=model, platform=None, authentication=None, verbose=True)
2022-01-14 19:17:02,303:INFO:Initializing predict_model()
2022-01-14 19:17:02,303:INFO:predict_model(estimator=Pipeline(steps=[('dtypes',
                 DataTypes_Auto_infer(ml_usecase='classification',
                                      numerical_features=['yearsAtCompany'],
                                      target='turnover')),
                ('imputer',
                 Simple_Imputer(categorical_strategy='not_available',
                                fill_value_categorical=None,
                                fill_value_numerical=None,
                                numeric_strategy='mean',
                                target_variable=None)),
                ('new_levels1',
                 New_Catagorical_Levels_in_TestData(rep...
                ('rem_outliers', 'passthrough'), ('cluster_all', 'passthrough'),
                ('dummy', Dummify(target='turnover')),
                ('fix_perfect', Remove_100(target='turnover')),
                ('clean_names', Clean_Colum_Names()),
                ('feature_select', 'passthrough'), ('fix_multi', 'passthrough'),
                ('dfs', 'passthrough'), ('pca', 'passthrough'),
                ['trained_model',
                 GradientBoostingClassifier(random_state=8585)]]), probability_threshold=None, encoded_labels=False, drift_report=False, raw_score=False, round=4, verbose=True, ml_usecase=MLUsecase.CLASSIFICATION, display=None)
2022-01-14 19:17:02,304:INFO:Checking exceptions
2022-01-14 19:17:02,304:INFO:Preloading libraries
2022-01-14 19:17:11,837:INFO:Initializing load_model()
2022-01-14 19:17:11,838:INFO:load_model(model_name=model, platform=None, authentication=None, verbose=True)
2022-01-14 19:17:15,347:INFO:Initializing load_model()
2022-01-14 19:17:15,347:INFO:load_model(model_name=model, platform=None, authentication=None, verbose=True)
2022-01-14 19:17:15,493:INFO:Initializing load_model()
2022-01-14 19:17:15,494:INFO:load_model(model_name=model, platform=None, authentication=None, verbose=True)
2022-01-14 19:17:15,533:INFO:Initializing predict_model()
2022-01-14 19:17:15,534:INFO:predict_model(estimator=Pipeline(steps=[('dtypes',
                 DataTypes_Auto_infer(ml_usecase='classification',
                                      numerical_features=['yearsAtCompany'],
                                      target='turnover')),
                ('imputer',
                 Simple_Imputer(categorical_strategy='not_available',
                                fill_value_categorical=None,
                                fill_value_numerical=None,
                                numeric_strategy='mean',
                                target_variable=None)),
                ('new_levels1',
                 New_Catagorical_Levels_in_TestData(rep...
                ('rem_outliers', 'passthrough'), ('cluster_all', 'passthrough'),
                ('dummy', Dummify(target='turnover')),
                ('fix_perfect', Remove_100(target='turnover')),
                ('clean_names', Clean_Colum_Names()),
                ('feature_select', 'passthrough'), ('fix_multi', 'passthrough'),
                ('dfs', 'passthrough'), ('pca', 'passthrough'),
                ['trained_model',
                 GradientBoostingClassifier(random_state=8585)]]), probability_threshold=None, encoded_labels=False, drift_report=False, raw_score=False, round=4, verbose=True, ml_usecase=MLUsecase.CLASSIFICATION, display=None)
2022-01-14 19:17:15,535:INFO:Checking exceptions
2022-01-14 19:17:15,536:INFO:Preloading libraries
