2022-01-14 16:55:47,248:INFO:PyCaret Supervised Module
2022-01-14 16:55:47,248:INFO:ML Usecase: classification
2022-01-14 16:55:47,248:INFO:version 2.3.5
2022-01-14 16:55:47,249:INFO:Initializing setup()
2022-01-14 16:55:47,249:INFO:setup(target=turnover, ml_usecase=classification, available_plots={'parameter': 'Hyperparameters', 'auc': 'AUC', 'confusion_matrix': 'Confusion Matrix', 'threshold': 'Threshold', 'pr': 'Precision Recall', 'error': 'Prediction Error', 'class_report': 'Class Report', 'rfe': 'Feature Selection', 'learning': 'Learning Curve', 'manifold': 'Manifold Learning', 'calibration': 'Calibration Curve', 'vc': 'Validation Curve', 'dimension': 'Dimensions', 'feature': 'Feature Importance', 'feature_all': 'Feature Importance (All)', 'boundary': 'Decision Boundary', 'lift': 'Lift Chart', 'gain': 'Gain Chart', 'tree': 'Decision Tree', 'ks': 'KS Statistic Plot'}, train_size=0.7, test_data=None, preprocess=True, imputation_type=simple, iterative_imputation_iters=5, categorical_features=None, categorical_imputation=constant, categorical_iterative_imputer=lightgbm, ordinal_features=None, high_cardinality_features=None, high_cardinality_method=frequency, numeric_features=['yearsAtCompany'], numeric_imputation=mean, numeric_iterative_imputer=lightgbm, date_features=None, ignore_features=None, normalize=True, normalize_method=minmax, transformation=False, transformation_method=yeo-johnson, handle_unknown_categorical=True, unknown_categorical_method=least_frequent, pca=False, pca_method=linear, pca_components=None, ignore_low_variance=False, combine_rare_levels=False, rare_level_threshold=0.1, bin_numeric_features=None, remove_outliers=False, outliers_threshold=0.05, remove_multicollinearity=False, multicollinearity_threshold=0.9, remove_perfect_collinearity=True, create_clusters=False, cluster_iter=20, polynomial_features=False, polynomial_degree=2, trigonometry_features=False, polynomial_threshold=0.1, group_features=None, group_names=None, feature_selection=False, feature_selection_threshold=0.8, feature_selection_method=classic, feature_interaction=False, feature_ratio=False, interaction_threshold=0.01, fix_imbalance=True, fix_imbalance_method=None, transform_target=False, transform_target_method=box-cox, data_split_shuffle=True, data_split_stratify=True, fold_strategy=stratifiedkfold, fold=10, fold_shuffle=False, fold_groups=None, n_jobs=-1, use_gpu=False, custom_pipeline=None, html=True, session_id=None, log_experiment=False, experiment_name=None, log_plots=False, log_profile=False, log_data=False, silent=False, verbose=True, profile=False, profile_kwargs=None, display=None)
2022-01-14 16:55:47,276:INFO:Checking environment
2022-01-14 16:55:47,291:INFO:python_version: 3.7.6
2022-01-14 16:55:47,291:INFO:python_build: ('default', 'Jan  8 2020 20:23:39')
2022-01-14 16:55:47,291:INFO:machine: AMD64
2022-01-14 16:55:47,292:INFO:platform: Windows-10-10.0.19041-SP0
2022-01-14 16:55:47,292:INFO:Memory: svmem(total=17088303104, available=7347490816, percent=57.0, used=9740812288, free=7347490816)
2022-01-14 16:55:47,293:INFO:Physical Core: 4
2022-01-14 16:55:47,294:INFO:Logical Core: 4
2022-01-14 16:55:47,294:INFO:Checking libraries
2022-01-14 16:55:47,307:INFO:pd==1.3.3
2022-01-14 16:55:47,307:INFO:numpy==1.19.5
2022-01-14 16:55:47,307:INFO:sklearn==0.23.2
2022-01-14 16:55:47,307:INFO:lightgbm==3.3.1
2022-01-14 16:55:47,960:INFO:catboost==1.0.3
2022-01-14 16:55:48,213:INFO:xgboost==1.4.2
2022-01-14 16:55:50,457:INFO:mlflow==1.21.0
2022-01-14 16:55:50,457:INFO:Checking Exceptions
2022-01-14 16:55:50,458:INFO:Declaring global variables
2022-01-14 16:55:50,458:INFO:USI: 735d
2022-01-14 16:55:50,458:INFO:pycaret_globals: {'fold_shuffle_param', '_internal_pipeline', 'y_train', 'html_param', 'experiment__', 'n_jobs_param', '_all_models', 'fix_imbalance_method_param', 'X', 'fold_groups_param_full', 'gpu_param', 'fold_generator', 'master_model_container', 'fold_param', 'exp_name_log', 'iterative_imputation_iters_param', 'transform_target_method_param', 'log_plots_param', 'imputation_classifier', 'fix_imbalance_param', '_available_plots', '_all_models_internal', 'pycaret_globals', 'seed', 'y', 'prep_pipe', 'X_test', 'data_before_preprocess', 'target_param', 'y_test', 'imputation_regressor', 'create_model_container', 'transform_target_param', 'display_container', 'USI', 'fold_groups_param', '_gpu_n_jobs_param', '_all_metrics', 'stratify_param', 'X_train', 'logging_param', '_ml_usecase'}
2022-01-14 16:55:50,458:INFO:Preparing display monitor
2022-01-14 16:55:50,458:INFO:Preparing display monitor
2022-01-14 16:55:50,468:INFO:Importing libraries
2022-01-14 16:55:50,469:INFO:Copying data for preprocessing
2022-01-14 16:55:50,476:INFO:Declaring preprocessing parameters
2022-01-14 16:55:50,477:INFO:Creating preprocessing pipeline
2022-01-14 16:55:50,483:INFO:Preprocessing pipeline created successfully
2022-01-14 16:55:50,484:ERROR:(Process Exit): setup has been interupted with user command 'quit'. setup must rerun.
2022-01-14 16:55:50,484:INFO:Creating global containers
2022-01-14 16:55:50,485:INFO:Internal pipeline: Pipeline(memory=None,
         steps=[('fix_imbalance',
                 SMOTE(k_neighbors=5, n_jobs=None, random_state=8585,
                       sampling_strategy='auto'))],
         verbose=False)
2022-01-14 16:55:54,808:INFO:Creating grid variables
2022-01-14 16:55:54,818:INFO:create_model_container: 0
2022-01-14 16:55:54,819:INFO:master_model_container: 0
2022-01-14 16:55:54,819:INFO:display_container: 1
2022-01-14 16:55:54,823:INFO:Pipeline(memory=None,
         steps=[('dtypes',
                 DataTypes_Auto_infer(categorical_features=[],
                                      display_types=True, features_todrop=[],
                                      id_columns=[],
                                      ml_usecase='classification',
                                      numerical_features=['yearsAtCompany'],
                                      target='turnover', time_features=[])),
                ('imputer',
                 Simple_Imputer(categorical_strategy='not_available',
                                fill_value_categorical=None,
                                fill_value_numerical=...
                ('P_transform', 'passthrough'), ('binn', 'passthrough'),
                ('rem_outliers', 'passthrough'), ('cluster_all', 'passthrough'),
                ('dummy', Dummify(target='turnover')),
                ('fix_perfect', Remove_100(target='turnover')),
                ('clean_names', Clean_Colum_Names()),
                ('feature_select', 'passthrough'), ('fix_multi', 'passthrough'),
                ('dfs', 'passthrough'), ('pca', 'passthrough')],
         verbose=False)
2022-01-14 16:55:54,824:INFO:setup() succesfully completed......................................
2022-01-14 16:55:54,893:INFO:Initializing compare_models()
2022-01-14 16:55:54,894:INFO:compare_models(include=None, fold=5, round=4, cross_validation=True, sort=AUC, n_select=1, budget_time=None, turbo=True, errors=ignore, fit_kwargs=None, groups=None, probability_threshold=None, verbose=True, display=None, exclude=None)
2022-01-14 16:55:54,894:INFO:Checking exceptions
2022-01-14 16:55:54,895:INFO:Preparing display monitor
2022-01-14 16:55:54,896:INFO:Preparing display monitor
2022-01-14 16:55:54,919:INFO:Initializing Logistic Regression
2022-01-14 16:55:54,919:INFO:Total runtime is 0.0 minutes
2022-01-14 16:55:54,928:INFO:SubProcess create_model() called ==================================
2022-01-14 16:55:54,928:INFO:Initializing create_model()
2022-01-14 16:55:54,928:INFO:create_model(estimator=lr, fold=StratifiedKFold(n_splits=5, random_state=None, shuffle=False), round=4, cross_validation=True, predict=True, fit_kwargs={}, groups=None, refit=False, verbose=False, system=False, metrics=None, add_to_model_list=True, probability_threshold=None, display=<pycaret.internal.Display.Display object at 0x00000261BF2E70C8>, kwargs={})
2022-01-14 16:55:54,929:INFO:Checking exceptions
2022-01-14 16:55:54,929:INFO:Importing libraries
2022-01-14 16:55:54,929:INFO:Copying training dataset
2022-01-14 16:55:54,930:INFO:Defining folds
2022-01-14 16:55:54,931:INFO:Declaring metric variables
2022-01-14 16:55:54,938:INFO:Importing untrained model
2022-01-14 16:55:54,945:INFO:Logistic Regression Imported succesfully
2022-01-14 16:55:54,962:INFO:Starting cross validation
2022-01-14 16:55:54,962:INFO:Cross validating with StratifiedKFold(n_splits=5, random_state=None, shuffle=False), n_jobs=-1
2022-01-14 16:55:59,666:INFO:Calculating mean and std
2022-01-14 16:55:59,667:INFO:Creating metrics dataframe
2022-01-14 16:55:59,671:INFO:Uploading results into container
2022-01-14 16:55:59,671:INFO:Uploading model into container now
2022-01-14 16:55:59,671:INFO:create_model_container: 1
2022-01-14 16:55:59,672:INFO:master_model_container: 1
2022-01-14 16:55:59,672:INFO:display_container: 2
2022-01-14 16:55:59,672:INFO:LogisticRegression(C=1.0, class_weight=None, dual=False, fit_intercept=True,
                   intercept_scaling=1, l1_ratio=None, max_iter=1000,
                   multi_class='auto', n_jobs=None, penalty='l2',
                   random_state=8585, solver='lbfgs', tol=0.0001, verbose=0,
                   warm_start=False)
2022-01-14 16:55:59,672:INFO:create_model() succesfully completed......................................
2022-01-14 16:55:59,721:INFO:SubProcess create_model() end ==================================
2022-01-14 16:55:59,722:INFO:Creating metrics dataframe
2022-01-14 16:55:59,734:INFO:Initializing K Neighbors Classifier
2022-01-14 16:55:59,734:INFO:Total runtime is 0.08025807936986287 minutes
2022-01-14 16:55:59,742:INFO:SubProcess create_model() called ==================================
2022-01-14 16:55:59,742:INFO:Initializing create_model()
2022-01-14 16:55:59,742:INFO:create_model(estimator=knn, fold=StratifiedKFold(n_splits=5, random_state=None, shuffle=False), round=4, cross_validation=True, predict=True, fit_kwargs={}, groups=None, refit=False, verbose=False, system=False, metrics=None, add_to_model_list=True, probability_threshold=None, display=<pycaret.internal.Display.Display object at 0x00000261BF2E70C8>, kwargs={})
2022-01-14 16:55:59,743:INFO:Checking exceptions
2022-01-14 16:55:59,743:INFO:Importing libraries
2022-01-14 16:55:59,743:INFO:Copying training dataset
2022-01-14 16:55:59,744:INFO:Defining folds
2022-01-14 16:55:59,744:INFO:Declaring metric variables
2022-01-14 16:55:59,750:INFO:Importing untrained model
2022-01-14 16:55:59,757:INFO:K Neighbors Classifier Imported succesfully
2022-01-14 16:55:59,772:INFO:Starting cross validation
2022-01-14 16:55:59,772:INFO:Cross validating with StratifiedKFold(n_splits=5, random_state=None, shuffle=False), n_jobs=-1
2022-01-14 16:56:00,462:INFO:Calculating mean and std
2022-01-14 16:56:00,463:INFO:Creating metrics dataframe
2022-01-14 16:56:00,467:INFO:Uploading results into container
2022-01-14 16:56:00,467:INFO:Uploading model into container now
2022-01-14 16:56:00,468:INFO:create_model_container: 2
2022-01-14 16:56:00,468:INFO:master_model_container: 2
2022-01-14 16:56:00,468:INFO:display_container: 2
2022-01-14 16:56:00,468:INFO:KNeighborsClassifier(algorithm='auto', leaf_size=30, metric='minkowski',
                     metric_params=None, n_jobs=-1, n_neighbors=5, p=2,
                     weights='uniform')
2022-01-14 16:56:00,468:INFO:create_model() succesfully completed......................................
2022-01-14 16:56:00,515:INFO:SubProcess create_model() end ==================================
2022-01-14 16:56:00,515:INFO:Creating metrics dataframe
2022-01-14 16:56:00,528:INFO:Initializing Naive Bayes
2022-01-14 16:56:00,529:INFO:Total runtime is 0.09350775877634684 minutes
2022-01-14 16:56:00,536:INFO:SubProcess create_model() called ==================================
2022-01-14 16:56:00,536:INFO:Initializing create_model()
2022-01-14 16:56:00,537:INFO:create_model(estimator=nb, fold=StratifiedKFold(n_splits=5, random_state=None, shuffle=False), round=4, cross_validation=True, predict=True, fit_kwargs={}, groups=None, refit=False, verbose=False, system=False, metrics=None, add_to_model_list=True, probability_threshold=None, display=<pycaret.internal.Display.Display object at 0x00000261BF2E70C8>, kwargs={})
2022-01-14 16:56:00,537:INFO:Checking exceptions
2022-01-14 16:56:00,537:INFO:Importing libraries
2022-01-14 16:56:00,537:INFO:Copying training dataset
2022-01-14 16:56:00,538:INFO:Defining folds
2022-01-14 16:56:00,538:INFO:Declaring metric variables
2022-01-14 16:56:00,545:INFO:Importing untrained model
2022-01-14 16:56:00,553:INFO:Naive Bayes Imported succesfully
2022-01-14 16:56:00,568:INFO:Starting cross validation
2022-01-14 16:56:00,568:INFO:Cross validating with StratifiedKFold(n_splits=5, random_state=None, shuffle=False), n_jobs=-1
2022-01-14 16:56:00,629:INFO:Calculating mean and std
2022-01-14 16:56:00,630:INFO:Creating metrics dataframe
2022-01-14 16:56:00,634:INFO:Uploading results into container
2022-01-14 16:56:00,634:INFO:Uploading model into container now
2022-01-14 16:56:00,634:INFO:create_model_container: 3
2022-01-14 16:56:00,634:INFO:master_model_container: 3
2022-01-14 16:56:00,635:INFO:display_container: 2
2022-01-14 16:56:00,635:INFO:GaussianNB(priors=None, var_smoothing=1e-09)
2022-01-14 16:56:00,635:INFO:create_model() succesfully completed......................................
2022-01-14 16:56:00,681:INFO:SubProcess create_model() end ==================================
2022-01-14 16:56:00,681:INFO:Creating metrics dataframe
2022-01-14 16:56:00,695:INFO:Initializing Decision Tree Classifier
2022-01-14 16:56:00,695:INFO:Total runtime is 0.09627441962560018 minutes
2022-01-14 16:56:00,702:INFO:SubProcess create_model() called ==================================
2022-01-14 16:56:00,702:INFO:Initializing create_model()
2022-01-14 16:56:00,703:INFO:create_model(estimator=dt, fold=StratifiedKFold(n_splits=5, random_state=None, shuffle=False), round=4, cross_validation=True, predict=True, fit_kwargs={}, groups=None, refit=False, verbose=False, system=False, metrics=None, add_to_model_list=True, probability_threshold=None, display=<pycaret.internal.Display.Display object at 0x00000261BF2E70C8>, kwargs={})
2022-01-14 16:56:00,703:INFO:Checking exceptions
2022-01-14 16:56:00,703:INFO:Importing libraries
2022-01-14 16:56:00,704:INFO:Copying training dataset
2022-01-14 16:56:00,705:INFO:Defining folds
2022-01-14 16:56:00,705:INFO:Declaring metric variables
2022-01-14 16:56:00,712:INFO:Importing untrained model
2022-01-14 16:56:00,719:INFO:Decision Tree Classifier Imported succesfully
2022-01-14 16:56:00,734:INFO:Starting cross validation
2022-01-14 16:56:00,735:INFO:Cross validating with StratifiedKFold(n_splits=5, random_state=None, shuffle=False), n_jobs=-1
2022-01-14 16:56:00,845:INFO:Calculating mean and std
2022-01-14 16:56:00,846:INFO:Creating metrics dataframe
2022-01-14 16:56:00,850:INFO:Uploading results into container
2022-01-14 16:56:00,850:INFO:Uploading model into container now
2022-01-14 16:56:00,850:INFO:create_model_container: 4
2022-01-14 16:56:00,850:INFO:master_model_container: 4
2022-01-14 16:56:00,850:INFO:display_container: 2
2022-01-14 16:56:00,851:INFO:DecisionTreeClassifier(ccp_alpha=0.0, class_weight=None, criterion='gini',
                       max_depth=None, max_features=None, max_leaf_nodes=None,
                       min_impurity_decrease=0.0, min_impurity_split=None,
                       min_samples_leaf=1, min_samples_split=2,
                       min_weight_fraction_leaf=0.0, presort='deprecated',
                       random_state=8585, splitter='best')
2022-01-14 16:56:00,851:INFO:create_model() succesfully completed......................................
2022-01-14 16:56:00,898:INFO:SubProcess create_model() end ==================================
2022-01-14 16:56:00,899:INFO:Creating metrics dataframe
2022-01-14 16:56:00,912:INFO:Initializing SVM - Linear Kernel
2022-01-14 16:56:00,913:INFO:Total runtime is 0.09990774393081665 minutes
2022-01-14 16:56:00,920:INFO:SubProcess create_model() called ==================================
2022-01-14 16:56:00,920:INFO:Initializing create_model()
2022-01-14 16:56:00,920:INFO:create_model(estimator=svm, fold=StratifiedKFold(n_splits=5, random_state=None, shuffle=False), round=4, cross_validation=True, predict=True, fit_kwargs={}, groups=None, refit=False, verbose=False, system=False, metrics=None, add_to_model_list=True, probability_threshold=None, display=<pycaret.internal.Display.Display object at 0x00000261BF2E70C8>, kwargs={})
2022-01-14 16:56:00,921:INFO:Checking exceptions
2022-01-14 16:56:00,921:INFO:Importing libraries
2022-01-14 16:56:00,921:INFO:Copying training dataset
2022-01-14 16:56:00,922:INFO:Defining folds
2022-01-14 16:56:00,922:INFO:Declaring metric variables
2022-01-14 16:56:00,929:INFO:Importing untrained model
2022-01-14 16:56:00,937:INFO:SVM - Linear Kernel Imported succesfully
2022-01-14 16:56:00,952:INFO:Starting cross validation
2022-01-14 16:56:00,952:INFO:Cross validating with StratifiedKFold(n_splits=5, random_state=None, shuffle=False), n_jobs=-1
2022-01-14 16:56:01,285:INFO:Calculating mean and std
2022-01-14 16:56:01,286:INFO:Creating metrics dataframe
2022-01-14 16:56:01,290:INFO:Uploading results into container
2022-01-14 16:56:01,290:INFO:Uploading model into container now
2022-01-14 16:56:01,290:INFO:create_model_container: 5
2022-01-14 16:56:01,291:INFO:master_model_container: 5
2022-01-14 16:56:01,291:INFO:display_container: 2
2022-01-14 16:56:01,291:INFO:SGDClassifier(alpha=0.0001, average=False, class_weight=None,
              early_stopping=False, epsilon=0.1, eta0=0.001, fit_intercept=True,
              l1_ratio=0.15, learning_rate='optimal', loss='hinge',
              max_iter=1000, n_iter_no_change=5, n_jobs=-1, penalty='l2',
              power_t=0.5, random_state=8585, shuffle=True, tol=0.001,
              validation_fraction=0.1, verbose=0, warm_start=False)
2022-01-14 16:56:01,291:INFO:create_model() succesfully completed......................................
2022-01-14 16:56:01,343:INFO:SubProcess create_model() end ==================================
2022-01-14 16:56:01,343:INFO:Creating metrics dataframe
2022-01-14 16:56:01,357:INFO:Initializing Ridge Classifier
2022-01-14 16:56:01,357:INFO:Total runtime is 0.10730777184168498 minutes
2022-01-14 16:56:01,364:INFO:SubProcess create_model() called ==================================
2022-01-14 16:56:01,365:INFO:Initializing create_model()
2022-01-14 16:56:01,365:INFO:create_model(estimator=ridge, fold=StratifiedKFold(n_splits=5, random_state=None, shuffle=False), round=4, cross_validation=True, predict=True, fit_kwargs={}, groups=None, refit=False, verbose=False, system=False, metrics=None, add_to_model_list=True, probability_threshold=None, display=<pycaret.internal.Display.Display object at 0x00000261BF2E70C8>, kwargs={})
2022-01-14 16:56:01,365:INFO:Checking exceptions
2022-01-14 16:56:01,365:INFO:Importing libraries
2022-01-14 16:56:01,366:INFO:Copying training dataset
2022-01-14 16:56:01,366:INFO:Defining folds
2022-01-14 16:56:01,367:INFO:Declaring metric variables
2022-01-14 16:56:01,374:INFO:Importing untrained model
2022-01-14 16:56:01,381:INFO:Ridge Classifier Imported succesfully
2022-01-14 16:56:01,396:INFO:Starting cross validation
2022-01-14 16:56:01,397:INFO:Cross validating with StratifiedKFold(n_splits=5, random_state=None, shuffle=False), n_jobs=-1
2022-01-14 16:56:01,779:INFO:Calculating mean and std
2022-01-14 16:56:01,780:INFO:Creating metrics dataframe
2022-01-14 16:56:01,783:INFO:Uploading results into container
2022-01-14 16:56:01,783:INFO:Uploading model into container now
2022-01-14 16:56:01,784:INFO:create_model_container: 6
2022-01-14 16:56:01,784:INFO:master_model_container: 6
2022-01-14 16:56:01,784:INFO:display_container: 2
2022-01-14 16:56:01,784:INFO:RidgeClassifier(alpha=1.0, class_weight=None, copy_X=True, fit_intercept=True,
                max_iter=None, normalize=False, random_state=8585,
                solver='auto', tol=0.001)
2022-01-14 16:56:01,785:INFO:create_model() succesfully completed......................................
2022-01-14 16:56:01,832:INFO:SubProcess create_model() end ==================================
2022-01-14 16:56:01,832:INFO:Creating metrics dataframe
2022-01-14 16:56:01,846:INFO:Initializing Random Forest Classifier
2022-01-14 16:56:01,847:INFO:Total runtime is 0.1154710332552592 minutes
2022-01-14 16:56:01,854:INFO:SubProcess create_model() called ==================================
2022-01-14 16:56:01,854:INFO:Initializing create_model()
2022-01-14 16:56:01,855:INFO:create_model(estimator=rf, fold=StratifiedKFold(n_splits=5, random_state=None, shuffle=False), round=4, cross_validation=True, predict=True, fit_kwargs={}, groups=None, refit=False, verbose=False, system=False, metrics=None, add_to_model_list=True, probability_threshold=None, display=<pycaret.internal.Display.Display object at 0x00000261BF2E70C8>, kwargs={})
2022-01-14 16:56:01,855:INFO:Checking exceptions
2022-01-14 16:56:01,855:INFO:Importing libraries
2022-01-14 16:56:01,855:INFO:Copying training dataset
2022-01-14 16:56:01,856:INFO:Defining folds
2022-01-14 16:56:01,856:INFO:Declaring metric variables
2022-01-14 16:56:01,863:INFO:Importing untrained model
2022-01-14 16:56:01,871:INFO:Random Forest Classifier Imported succesfully
2022-01-14 16:56:01,886:INFO:Starting cross validation
2022-01-14 16:56:01,887:INFO:Cross validating with StratifiedKFold(n_splits=5, random_state=None, shuffle=False), n_jobs=-1
2022-01-14 16:56:04,915:INFO:Calculating mean and std
2022-01-14 16:56:04,916:INFO:Creating metrics dataframe
2022-01-14 16:56:04,920:INFO:Uploading results into container
2022-01-14 16:56:04,920:INFO:Uploading model into container now
2022-01-14 16:56:04,920:INFO:create_model_container: 7
2022-01-14 16:56:04,920:INFO:master_model_container: 7
2022-01-14 16:56:04,921:INFO:display_container: 2
2022-01-14 16:56:04,921:INFO:RandomForestClassifier(bootstrap=True, ccp_alpha=0.0, class_weight=None,
                       criterion='gini', max_depth=None, max_features='auto',
                       max_leaf_nodes=None, max_samples=None,
                       min_impurity_decrease=0.0, min_impurity_split=None,
                       min_samples_leaf=1, min_samples_split=2,
                       min_weight_fraction_leaf=0.0, n_estimators=100,
                       n_jobs=-1, oob_score=False, random_state=8585, verbose=0,
                       warm_start=False)
2022-01-14 16:56:04,921:INFO:create_model() succesfully completed......................................
2022-01-14 16:56:04,968:INFO:SubProcess create_model() end ==================================
2022-01-14 16:56:04,968:INFO:Creating metrics dataframe
2022-01-14 16:56:04,982:INFO:Initializing Quadratic Discriminant Analysis
2022-01-14 16:56:04,983:INFO:Total runtime is 0.16773327191670737 minutes
2022-01-14 16:56:04,990:INFO:SubProcess create_model() called ==================================
2022-01-14 16:56:04,990:INFO:Initializing create_model()
2022-01-14 16:56:04,991:INFO:create_model(estimator=qda, fold=StratifiedKFold(n_splits=5, random_state=None, shuffle=False), round=4, cross_validation=True, predict=True, fit_kwargs={}, groups=None, refit=False, verbose=False, system=False, metrics=None, add_to_model_list=True, probability_threshold=None, display=<pycaret.internal.Display.Display object at 0x00000261BF2E70C8>, kwargs={})
2022-01-14 16:56:04,991:INFO:Checking exceptions
2022-01-14 16:56:04,991:INFO:Importing libraries
2022-01-14 16:56:04,991:INFO:Copying training dataset
2022-01-14 16:56:04,992:INFO:Defining folds
2022-01-14 16:56:04,992:INFO:Declaring metric variables
2022-01-14 16:56:04,999:INFO:Importing untrained model
2022-01-14 16:56:05,006:INFO:Quadratic Discriminant Analysis Imported succesfully
2022-01-14 16:56:05,020:INFO:Starting cross validation
2022-01-14 16:56:05,021:INFO:Cross validating with StratifiedKFold(n_splits=5, random_state=None, shuffle=False), n_jobs=-1
2022-01-14 16:56:05,123:INFO:Calculating mean and std
2022-01-14 16:56:05,124:INFO:Creating metrics dataframe
2022-01-14 16:56:05,128:INFO:Uploading results into container
2022-01-14 16:56:05,128:INFO:Uploading model into container now
2022-01-14 16:56:05,128:INFO:create_model_container: 8
2022-01-14 16:56:05,128:INFO:master_model_container: 8
2022-01-14 16:56:05,128:INFO:display_container: 2
2022-01-14 16:56:05,129:INFO:QuadraticDiscriminantAnalysis(priors=None, reg_param=0.0,
                              store_covariance=False, tol=0.0001)
2022-01-14 16:56:05,129:INFO:create_model() succesfully completed......................................
2022-01-14 16:56:05,175:INFO:SubProcess create_model() end ==================================
2022-01-14 16:56:05,178:INFO:Creating metrics dataframe
2022-01-14 16:56:05,194:INFO:Initializing Ada Boost Classifier
2022-01-14 16:56:05,195:INFO:Total runtime is 0.17126662333806356 minutes
2022-01-14 16:56:05,202:INFO:SubProcess create_model() called ==================================
2022-01-14 16:56:05,202:INFO:Initializing create_model()
2022-01-14 16:56:05,203:INFO:create_model(estimator=ada, fold=StratifiedKFold(n_splits=5, random_state=None, shuffle=False), round=4, cross_validation=True, predict=True, fit_kwargs={}, groups=None, refit=False, verbose=False, system=False, metrics=None, add_to_model_list=True, probability_threshold=None, display=<pycaret.internal.Display.Display object at 0x00000261BF2E70C8>, kwargs={})
2022-01-14 16:56:05,203:INFO:Checking exceptions
2022-01-14 16:56:05,203:INFO:Importing libraries
2022-01-14 16:56:05,203:INFO:Copying training dataset
2022-01-14 16:56:05,204:INFO:Defining folds
2022-01-14 16:56:05,204:INFO:Declaring metric variables
2022-01-14 16:56:05,211:INFO:Importing untrained model
2022-01-14 16:56:05,218:INFO:Ada Boost Classifier Imported succesfully
2022-01-14 16:56:05,233:INFO:Starting cross validation
2022-01-14 16:56:05,234:INFO:Cross validating with StratifiedKFold(n_splits=5, random_state=None, shuffle=False), n_jobs=-1
2022-01-14 16:56:05,879:INFO:Calculating mean and std
2022-01-14 16:56:05,880:INFO:Creating metrics dataframe
2022-01-14 16:56:05,884:INFO:Uploading results into container
2022-01-14 16:56:05,884:INFO:Uploading model into container now
2022-01-14 16:56:05,885:INFO:create_model_container: 9
2022-01-14 16:56:05,885:INFO:master_model_container: 9
2022-01-14 16:56:05,885:INFO:display_container: 2
2022-01-14 16:56:05,885:INFO:AdaBoostClassifier(algorithm='SAMME.R', base_estimator=None, learning_rate=1.0,
                   n_estimators=50, random_state=8585)
2022-01-14 16:56:05,886:INFO:create_model() succesfully completed......................................
2022-01-14 16:56:05,933:INFO:SubProcess create_model() end ==================================
2022-01-14 16:56:05,933:INFO:Creating metrics dataframe
2022-01-14 16:56:05,948:INFO:Initializing Gradient Boosting Classifier
2022-01-14 16:56:05,948:INFO:Total runtime is 0.18381709257761636 minutes
2022-01-14 16:56:05,955:INFO:SubProcess create_model() called ==================================
2022-01-14 16:56:05,955:INFO:Initializing create_model()
2022-01-14 16:56:05,956:INFO:create_model(estimator=gbc, fold=StratifiedKFold(n_splits=5, random_state=None, shuffle=False), round=4, cross_validation=True, predict=True, fit_kwargs={}, groups=None, refit=False, verbose=False, system=False, metrics=None, add_to_model_list=True, probability_threshold=None, display=<pycaret.internal.Display.Display object at 0x00000261BF2E70C8>, kwargs={})
2022-01-14 16:56:05,956:INFO:Checking exceptions
2022-01-14 16:56:05,956:INFO:Importing libraries
2022-01-14 16:56:05,956:INFO:Copying training dataset
2022-01-14 16:56:05,957:INFO:Defining folds
2022-01-14 16:56:05,957:INFO:Declaring metric variables
2022-01-14 16:56:05,964:INFO:Importing untrained model
2022-01-14 16:56:05,972:INFO:Gradient Boosting Classifier Imported succesfully
2022-01-14 16:56:05,987:INFO:Starting cross validation
2022-01-14 16:56:05,988:INFO:Cross validating with StratifiedKFold(n_splits=5, random_state=None, shuffle=False), n_jobs=-1
2022-01-14 16:56:07,588:INFO:Calculating mean and std
2022-01-14 16:56:07,589:INFO:Creating metrics dataframe
2022-01-14 16:56:07,593:INFO:Uploading results into container
2022-01-14 16:56:07,593:INFO:Uploading model into container now
2022-01-14 16:56:07,594:INFO:create_model_container: 10
2022-01-14 16:56:07,594:INFO:master_model_container: 10
2022-01-14 16:56:07,594:INFO:display_container: 2
2022-01-14 16:56:07,595:INFO:GradientBoostingClassifier(ccp_alpha=0.0, criterion='friedman_mse', init=None,
                           learning_rate=0.1, loss='deviance', max_depth=3,
                           max_features=None, max_leaf_nodes=None,
                           min_impurity_decrease=0.0, min_impurity_split=None,
                           min_samples_leaf=1, min_samples_split=2,
                           min_weight_fraction_leaf=0.0, n_estimators=100,
                           n_iter_no_change=None, presort='deprecated',
                           random_state=8585, subsample=1.0, tol=0.0001,
                           validation_fraction=0.1, verbose=0,
                           warm_start=False)
2022-01-14 16:56:07,595:INFO:create_model() succesfully completed......................................
2022-01-14 16:56:07,644:INFO:SubProcess create_model() end ==================================
2022-01-14 16:56:07,644:INFO:Creating metrics dataframe
2022-01-14 16:56:07,658:INFO:Initializing Linear Discriminant Analysis
2022-01-14 16:56:07,658:INFO:Total runtime is 0.2123269478480021 minutes
2022-01-14 16:56:07,666:INFO:SubProcess create_model() called ==================================
2022-01-14 16:56:07,666:INFO:Initializing create_model()
2022-01-14 16:56:07,666:INFO:create_model(estimator=lda, fold=StratifiedKFold(n_splits=5, random_state=None, shuffle=False), round=4, cross_validation=True, predict=True, fit_kwargs={}, groups=None, refit=False, verbose=False, system=False, metrics=None, add_to_model_list=True, probability_threshold=None, display=<pycaret.internal.Display.Display object at 0x00000261BF2E70C8>, kwargs={})
2022-01-14 16:56:07,667:INFO:Checking exceptions
2022-01-14 16:56:07,667:INFO:Importing libraries
2022-01-14 16:56:07,667:INFO:Copying training dataset
2022-01-14 16:56:07,668:INFO:Defining folds
2022-01-14 16:56:07,668:INFO:Declaring metric variables
2022-01-14 16:56:07,675:INFO:Importing untrained model
2022-01-14 16:56:07,682:INFO:Linear Discriminant Analysis Imported succesfully
2022-01-14 16:56:07,698:INFO:Starting cross validation
2022-01-14 16:56:07,699:INFO:Cross validating with StratifiedKFold(n_splits=5, random_state=None, shuffle=False), n_jobs=-1
2022-01-14 16:56:08,088:INFO:Calculating mean and std
2022-01-14 16:56:08,089:INFO:Creating metrics dataframe
2022-01-14 16:56:08,093:INFO:Uploading results into container
2022-01-14 16:56:08,093:INFO:Uploading model into container now
2022-01-14 16:56:08,094:INFO:create_model_container: 11
2022-01-14 16:56:08,094:INFO:master_model_container: 11
2022-01-14 16:56:08,094:INFO:display_container: 2
2022-01-14 16:56:08,094:INFO:LinearDiscriminantAnalysis(n_components=None, priors=None, shrinkage=None,
                           solver='svd', store_covariance=False, tol=0.0001)
2022-01-14 16:56:08,094:INFO:create_model() succesfully completed......................................
2022-01-14 16:56:08,141:INFO:SubProcess create_model() end ==================================
2022-01-14 16:56:08,141:INFO:Creating metrics dataframe
2022-01-14 16:56:08,156:INFO:Initializing Extra Trees Classifier
2022-01-14 16:56:08,156:INFO:Total runtime is 0.2206168174743652 minutes
2022-01-14 16:56:08,164:INFO:SubProcess create_model() called ==================================
2022-01-14 16:56:08,164:INFO:Initializing create_model()
2022-01-14 16:56:08,164:INFO:create_model(estimator=et, fold=StratifiedKFold(n_splits=5, random_state=None, shuffle=False), round=4, cross_validation=True, predict=True, fit_kwargs={}, groups=None, refit=False, verbose=False, system=False, metrics=None, add_to_model_list=True, probability_threshold=None, display=<pycaret.internal.Display.Display object at 0x00000261BF2E70C8>, kwargs={})
2022-01-14 16:56:08,164:INFO:Checking exceptions
2022-01-14 16:56:08,165:INFO:Importing libraries
2022-01-14 16:56:08,166:INFO:Copying training dataset
2022-01-14 16:56:08,166:INFO:Defining folds
2022-01-14 16:56:08,167:INFO:Declaring metric variables
2022-01-14 16:56:08,173:INFO:Importing untrained model
2022-01-14 16:56:08,181:INFO:Extra Trees Classifier Imported succesfully
2022-01-14 16:56:08,195:INFO:Starting cross validation
2022-01-14 16:56:08,196:INFO:Cross validating with StratifiedKFold(n_splits=5, random_state=None, shuffle=False), n_jobs=-1
2022-01-14 16:56:10,824:INFO:Calculating mean and std
2022-01-14 16:56:10,825:INFO:Creating metrics dataframe
2022-01-14 16:56:10,829:INFO:Uploading results into container
2022-01-14 16:56:10,830:INFO:Uploading model into container now
2022-01-14 16:56:10,830:INFO:create_model_container: 12
2022-01-14 16:56:10,830:INFO:master_model_container: 12
2022-01-14 16:56:10,831:INFO:display_container: 2
2022-01-14 16:56:10,831:INFO:ExtraTreesClassifier(bootstrap=False, ccp_alpha=0.0, class_weight=None,
                     criterion='gini', max_depth=None, max_features='auto',
                     max_leaf_nodes=None, max_samples=None,
                     min_impurity_decrease=0.0, min_impurity_split=None,
                     min_samples_leaf=1, min_samples_split=2,
                     min_weight_fraction_leaf=0.0, n_estimators=100, n_jobs=-1,
                     oob_score=False, random_state=8585, verbose=0,
                     warm_start=False)
2022-01-14 16:56:10,831:INFO:create_model() succesfully completed......................................
2022-01-14 16:56:10,888:INFO:SubProcess create_model() end ==================================
2022-01-14 16:56:10,888:INFO:Creating metrics dataframe
2022-01-14 16:56:10,905:INFO:Initializing Extreme Gradient Boosting
2022-01-14 16:56:10,906:INFO:Total runtime is 0.2664539019266764 minutes
2022-01-14 16:56:10,915:INFO:SubProcess create_model() called ==================================
2022-01-14 16:56:10,915:INFO:Initializing create_model()
2022-01-14 16:56:10,916:INFO:create_model(estimator=xgboost, fold=StratifiedKFold(n_splits=5, random_state=None, shuffle=False), round=4, cross_validation=True, predict=True, fit_kwargs={}, groups=None, refit=False, verbose=False, system=False, metrics=None, add_to_model_list=True, probability_threshold=None, display=<pycaret.internal.Display.Display object at 0x00000261BF2E70C8>, kwargs={})
2022-01-14 16:56:10,916:INFO:Checking exceptions
2022-01-14 16:56:10,916:INFO:Importing libraries
2022-01-14 16:56:10,916:INFO:Copying training dataset
2022-01-14 16:56:10,917:INFO:Defining folds
2022-01-14 16:56:10,917:INFO:Declaring metric variables
2022-01-14 16:56:10,925:INFO:Importing untrained model
2022-01-14 16:56:10,932:INFO:Extreme Gradient Boosting Imported succesfully
2022-01-14 16:56:10,949:INFO:Starting cross validation
2022-01-14 16:56:10,951:INFO:Cross validating with StratifiedKFold(n_splits=5, random_state=None, shuffle=False), n_jobs=-1
2022-01-14 16:56:12,912:INFO:Calculating mean and std
2022-01-14 16:56:12,913:INFO:Creating metrics dataframe
2022-01-14 16:56:12,917:INFO:Uploading results into container
2022-01-14 16:56:12,917:INFO:Uploading model into container now
2022-01-14 16:56:12,917:INFO:create_model_container: 13
2022-01-14 16:56:12,917:INFO:master_model_container: 13
2022-01-14 16:56:12,918:INFO:display_container: 2
2022-01-14 16:56:12,918:INFO:XGBClassifier(base_score=None, booster='gbtree', colsample_bylevel=None,
              colsample_bynode=None, colsample_bytree=None, gamma=None,
              gpu_id=None, importance_type='gain', interaction_constraints=None,
              learning_rate=None, max_delta_step=None, max_depth=None,
              min_child_weight=None, missing=nan, monotone_constraints=None,
              n_estimators=100, n_jobs=-1, num_parallel_tree=None,
              objective='binary:logistic', random_state=8585, reg_alpha=None,
              reg_lambda=None, scale_pos_weight=None, subsample=None,
              tree_method='auto', use_label_encoder=True,
              validate_parameters=None, verbosity=0)
2022-01-14 16:56:12,918:INFO:create_model() succesfully completed......................................
2022-01-14 16:56:12,964:INFO:SubProcess create_model() end ==================================
2022-01-14 16:56:12,965:INFO:Creating metrics dataframe
2022-01-14 16:56:12,980:INFO:Initializing Light Gradient Boosting Machine
2022-01-14 16:56:12,980:INFO:Total runtime is 0.30102055867513017 minutes
2022-01-14 16:56:12,987:INFO:SubProcess create_model() called ==================================
2022-01-14 16:56:12,988:INFO:Initializing create_model()
2022-01-14 16:56:12,988:INFO:create_model(estimator=lightgbm, fold=StratifiedKFold(n_splits=5, random_state=None, shuffle=False), round=4, cross_validation=True, predict=True, fit_kwargs={}, groups=None, refit=False, verbose=False, system=False, metrics=None, add_to_model_list=True, probability_threshold=None, display=<pycaret.internal.Display.Display object at 0x00000261BF2E70C8>, kwargs={})
2022-01-14 16:56:12,988:INFO:Checking exceptions
2022-01-14 16:56:12,988:INFO:Importing libraries
2022-01-14 16:56:12,988:INFO:Copying training dataset
2022-01-14 16:56:12,989:INFO:Defining folds
2022-01-14 16:56:12,989:INFO:Declaring metric variables
2022-01-14 16:56:12,996:INFO:Importing untrained model
2022-01-14 16:56:13,002:INFO:Light Gradient Boosting Machine Imported succesfully
2022-01-14 16:56:13,016:INFO:Starting cross validation
2022-01-14 16:56:13,017:INFO:Cross validating with StratifiedKFold(n_splits=5, random_state=None, shuffle=False), n_jobs=-1
2022-01-14 16:56:14,093:INFO:Calculating mean and std
2022-01-14 16:56:14,094:INFO:Creating metrics dataframe
2022-01-14 16:56:14,098:INFO:Uploading results into container
2022-01-14 16:56:14,098:INFO:Uploading model into container now
2022-01-14 16:56:14,098:INFO:create_model_container: 14
2022-01-14 16:56:14,098:INFO:master_model_container: 14
2022-01-14 16:56:14,098:INFO:display_container: 2
2022-01-14 16:56:14,099:INFO:LGBMClassifier(boosting_type='gbdt', class_weight=None, colsample_bytree=1.0,
               importance_type='split', learning_rate=0.1, max_depth=-1,
               min_child_samples=20, min_child_weight=0.001, min_split_gain=0.0,
               n_estimators=100, n_jobs=-1, num_leaves=31, objective=None,
               random_state=8585, reg_alpha=0.0, reg_lambda=0.0, silent='warn',
               subsample=1.0, subsample_for_bin=200000, subsample_freq=0)
2022-01-14 16:56:14,099:INFO:create_model() succesfully completed......................................
2022-01-14 16:56:14,145:INFO:SubProcess create_model() end ==================================
2022-01-14 16:56:14,146:INFO:Creating metrics dataframe
2022-01-14 16:56:14,161:INFO:Initializing CatBoost Classifier
2022-01-14 16:56:14,162:INFO:Total runtime is 0.32072056531906123 minutes
2022-01-14 16:56:14,168:INFO:SubProcess create_model() called ==================================
2022-01-14 16:56:14,169:INFO:Initializing create_model()
2022-01-14 16:56:14,169:INFO:create_model(estimator=catboost, fold=StratifiedKFold(n_splits=5, random_state=None, shuffle=False), round=4, cross_validation=True, predict=True, fit_kwargs={}, groups=None, refit=False, verbose=False, system=False, metrics=None, add_to_model_list=True, probability_threshold=None, display=<pycaret.internal.Display.Display object at 0x00000261BF2E70C8>, kwargs={})
2022-01-14 16:56:14,169:INFO:Checking exceptions
2022-01-14 16:56:14,169:INFO:Importing libraries
2022-01-14 16:56:14,169:INFO:Copying training dataset
2022-01-14 16:56:14,170:INFO:Defining folds
2022-01-14 16:56:14,171:INFO:Declaring metric variables
2022-01-14 16:56:14,178:INFO:Importing untrained model
2022-01-14 16:56:14,184:INFO:CatBoost Classifier Imported succesfully
2022-01-14 16:56:14,197:INFO:Starting cross validation
2022-01-14 16:56:14,239:INFO:Cross validating with StratifiedKFold(n_splits=5, random_state=None, shuffle=False), n_jobs=-1
2022-01-14 16:56:19,726:INFO:Calculating mean and std
2022-01-14 16:56:19,727:INFO:Creating metrics dataframe
2022-01-14 16:56:19,731:INFO:Uploading results into container
2022-01-14 16:56:19,731:INFO:Uploading model into container now
2022-01-14 16:56:19,731:INFO:create_model_container: 15
2022-01-14 16:56:19,731:INFO:master_model_container: 15
2022-01-14 16:56:19,731:INFO:display_container: 2
2022-01-14 16:56:19,731:INFO:<catboost.core.CatBoostClassifier object at 0x00000261BF52A8C8>
2022-01-14 16:56:19,731:INFO:create_model() succesfully completed......................................
2022-01-14 16:56:19,779:WARNING:create_model() for <catboost.core.CatBoostClassifier object at 0x00000261BF52A8C8> raised an exception or returned all 0.0, trying without fit_kwargs:
2022-01-14 16:56:19,801:WARNING:Traceback (most recent call last):
  File "F:\py\lib\site-packages\pycaret\internal\tabular.py", line 2204, in compare_models
    assert np.sum(model_results.iloc[0]) != 0.0
AssertionError

2022-01-14 16:56:19,801:INFO:Initializing create_model()
2022-01-14 16:56:19,801:INFO:create_model(estimator=catboost, fold=StratifiedKFold(n_splits=5, random_state=None, shuffle=False), round=4, cross_validation=True, predict=True, fit_kwargs={}, groups=None, refit=False, verbose=False, system=False, metrics=None, add_to_model_list=True, probability_threshold=None, display=<pycaret.internal.Display.Display object at 0x00000261BF2E70C8>, kwargs={})
2022-01-14 16:56:19,802:INFO:Checking exceptions
2022-01-14 16:56:19,802:INFO:Importing libraries
2022-01-14 16:56:19,802:INFO:Copying training dataset
2022-01-14 16:56:19,803:INFO:Defining folds
2022-01-14 16:56:19,803:INFO:Declaring metric variables
2022-01-14 16:56:19,810:INFO:Importing untrained model
2022-01-14 16:56:19,817:INFO:CatBoost Classifier Imported succesfully
2022-01-14 16:56:19,833:INFO:Starting cross validation
2022-01-14 16:56:19,833:INFO:Cross validating with StratifiedKFold(n_splits=5, random_state=None, shuffle=False), n_jobs=-1
2022-01-14 16:56:30,595:INFO:Calculating mean and std
2022-01-14 16:56:30,597:INFO:Creating metrics dataframe
2022-01-14 16:56:30,600:INFO:Uploading results into container
2022-01-14 16:56:30,601:INFO:Uploading model into container now
2022-01-14 16:56:30,601:INFO:create_model_container: 16
2022-01-14 16:56:30,601:INFO:master_model_container: 16
2022-01-14 16:56:30,601:INFO:display_container: 2
2022-01-14 16:56:30,601:INFO:<catboost.core.CatBoostClassifier object at 0x00000261BF5393C8>
2022-01-14 16:56:30,601:INFO:create_model() succesfully completed......................................
2022-01-14 16:56:30,650:INFO:SubProcess create_model() end ==================================
2022-01-14 16:56:30,650:INFO:Creating metrics dataframe
2022-01-14 16:56:30,666:INFO:Initializing Dummy Classifier
2022-01-14 16:56:30,667:INFO:Total runtime is 0.5957989255587259 minutes
2022-01-14 16:56:30,673:INFO:SubProcess create_model() called ==================================
2022-01-14 16:56:30,674:INFO:Initializing create_model()
2022-01-14 16:56:30,674:INFO:create_model(estimator=dummy, fold=StratifiedKFold(n_splits=5, random_state=None, shuffle=False), round=4, cross_validation=True, predict=True, fit_kwargs={}, groups=None, refit=False, verbose=False, system=False, metrics=None, add_to_model_list=True, probability_threshold=None, display=<pycaret.internal.Display.Display object at 0x00000261BF2E70C8>, kwargs={})
2022-01-14 16:56:30,674:INFO:Checking exceptions
2022-01-14 16:56:30,674:INFO:Importing libraries
2022-01-14 16:56:30,675:INFO:Copying training dataset
2022-01-14 16:56:30,676:INFO:Defining folds
2022-01-14 16:56:30,676:INFO:Declaring metric variables
2022-01-14 16:56:30,683:INFO:Importing untrained model
2022-01-14 16:56:30,690:INFO:Dummy Classifier Imported succesfully
2022-01-14 16:56:30,703:INFO:Starting cross validation
2022-01-14 16:56:30,704:INFO:Cross validating with StratifiedKFold(n_splits=5, random_state=None, shuffle=False), n_jobs=-1
2022-01-14 16:56:30,762:INFO:Calculating mean and std
2022-01-14 16:56:30,763:INFO:Creating metrics dataframe
2022-01-14 16:56:30,766:INFO:Uploading results into container
2022-01-14 16:56:30,766:INFO:Uploading model into container now
2022-01-14 16:56:30,766:INFO:create_model_container: 17
2022-01-14 16:56:30,766:INFO:master_model_container: 17
2022-01-14 16:56:30,766:INFO:display_container: 2
2022-01-14 16:56:30,766:INFO:DummyClassifier(constant=None, random_state=8585, strategy='prior')
2022-01-14 16:56:30,767:INFO:create_model() succesfully completed......................................
2022-01-14 16:56:30,812:INFO:SubProcess create_model() end ==================================
2022-01-14 16:56:30,813:INFO:Creating metrics dataframe
2022-01-14 16:56:30,843:INFO:Initializing create_model()
2022-01-14 16:56:30,843:INFO:create_model(estimator=GradientBoostingClassifier(ccp_alpha=0.0, criterion='friedman_mse', init=None,
                           learning_rate=0.1, loss='deviance', max_depth=3,
                           max_features=None, max_leaf_nodes=None,
                           min_impurity_decrease=0.0, min_impurity_split=None,
                           min_samples_leaf=1, min_samples_split=2,
                           min_weight_fraction_leaf=0.0, n_estimators=100,
                           n_iter_no_change=None, presort='deprecated',
                           random_state=8585, subsample=1.0, tol=0.0001,
                           validation_fraction=0.1, verbose=0,
                           warm_start=False), fold=StratifiedKFold(n_splits=5, random_state=None, shuffle=False), round=4, cross_validation=False, predict=False, fit_kwargs={}, groups=None, refit=True, verbose=False, system=False, metrics=None, add_to_model_list=True, probability_threshold=None, display=None, kwargs={})
2022-01-14 16:56:30,844:INFO:Checking exceptions
2022-01-14 16:56:30,844:INFO:Importing libraries
2022-01-14 16:56:30,844:INFO:Copying training dataset
2022-01-14 16:56:30,845:INFO:Defining folds
2022-01-14 16:56:30,845:INFO:Declaring metric variables
2022-01-14 16:56:30,845:INFO:Importing untrained model
2022-01-14 16:56:30,845:INFO:Declaring custom model
2022-01-14 16:56:30,846:INFO:Gradient Boosting Classifier Imported succesfully
2022-01-14 16:56:30,846:INFO:Cross validation set to False
2022-01-14 16:56:30,847:INFO:Fitting Model
2022-01-14 16:56:31,832:INFO:GradientBoostingClassifier(ccp_alpha=0.0, criterion='friedman_mse', init=None,
                           learning_rate=0.1, loss='deviance', max_depth=3,
                           max_features=None, max_leaf_nodes=None,
                           min_impurity_decrease=0.0, min_impurity_split=None,
                           min_samples_leaf=1, min_samples_split=2,
                           min_weight_fraction_leaf=0.0, n_estimators=100,
                           n_iter_no_change=None, presort='deprecated',
                           random_state=8585, subsample=1.0, tol=0.0001,
                           validation_fraction=0.1, verbose=0,
                           warm_start=False)
2022-01-14 16:56:31,832:INFO:create_models() succesfully completed......................................
2022-01-14 16:56:31,915:INFO:create_model_container: 17
2022-01-14 16:56:31,916:INFO:master_model_container: 17
2022-01-14 16:56:31,916:INFO:display_container: 2
2022-01-14 16:56:31,916:INFO:GradientBoostingClassifier(ccp_alpha=0.0, criterion='friedman_mse', init=None,
                           learning_rate=0.1, loss='deviance', max_depth=3,
                           max_features=None, max_leaf_nodes=None,
                           min_impurity_decrease=0.0, min_impurity_split=None,
                           min_samples_leaf=1, min_samples_split=2,
                           min_weight_fraction_leaf=0.0, n_estimators=100,
                           n_iter_no_change=None, presort='deprecated',
                           random_state=8585, subsample=1.0, tol=0.0001,
                           validation_fraction=0.1, verbose=0,
                           warm_start=False)
2022-01-14 16:56:31,916:INFO:compare_models() succesfully completed......................................
2022-01-14 16:56:33,703:INFO:Initializing create_model()
2022-01-14 16:56:33,703:INFO:create_model(estimator=gbc, fold=5, round=4, cross_validation=True, predict=True, fit_kwargs=None, groups=None, refit=True, verbose=True, system=True, metrics=None, add_to_model_list=True, probability_threshold=None, display=None, kwargs={})
2022-01-14 16:56:33,703:INFO:Checking exceptions
2022-01-14 16:56:33,704:INFO:Preparing display monitor
2022-01-14 16:56:33,719:INFO:Importing libraries
2022-01-14 16:56:33,719:INFO:Copying training dataset
2022-01-14 16:56:33,720:INFO:Defining folds
2022-01-14 16:56:33,721:INFO:Declaring metric variables
2022-01-14 16:56:33,728:INFO:Importing untrained model
2022-01-14 16:56:33,735:INFO:Gradient Boosting Classifier Imported succesfully
2022-01-14 16:56:33,749:INFO:Starting cross validation
2022-01-14 16:56:33,750:INFO:Cross validating with StratifiedKFold(n_splits=5, random_state=None, shuffle=False), n_jobs=-1
2022-01-14 16:56:35,348:INFO:Calculating mean and std
2022-01-14 16:56:35,349:INFO:Creating metrics dataframe
2022-01-14 16:56:35,358:INFO:Finalizing model
2022-01-14 16:56:36,321:INFO:Uploading results into container
2022-01-14 16:56:36,322:INFO:Uploading model into container now
2022-01-14 16:56:36,332:INFO:create_model_container: 18
2022-01-14 16:56:36,333:INFO:master_model_container: 18
2022-01-14 16:56:36,333:INFO:display_container: 3
2022-01-14 16:56:36,333:INFO:GradientBoostingClassifier(ccp_alpha=0.0, criterion='friedman_mse', init=None,
                           learning_rate=0.1, loss='deviance', max_depth=3,
                           max_features=None, max_leaf_nodes=None,
                           min_impurity_decrease=0.0, min_impurity_split=None,
                           min_samples_leaf=1, min_samples_split=2,
                           min_weight_fraction_leaf=0.0, n_estimators=100,
                           n_iter_no_change=None, presort='deprecated',
                           random_state=8585, subsample=1.0, tol=0.0001,
                           validation_fraction=0.1, verbose=0,
                           warm_start=False)
2022-01-14 16:56:36,334:INFO:create_model() succesfully completed......................................
2022-01-14 16:56:41,313:INFO:Initializing tune_model()
2022-01-14 16:56:41,313:INFO:tune_model(estimator=GradientBoostingClassifier(ccp_alpha=0.0, criterion='friedman_mse', init=None,
                           learning_rate=0.1, loss='deviance', max_depth=3,
                           max_features=None, max_leaf_nodes=None,
                           min_impurity_decrease=0.0, min_impurity_split=None,
                           min_samples_leaf=1, min_samples_split=2,
                           min_weight_fraction_leaf=0.0, n_estimators=100,
                           n_iter_no_change=None, presort='deprecated',
                           random_state=8585, subsample=1.0, tol=0.0001,
                           validation_fraction=0.1, verbose=0,
                           warm_start=False), fold=5, round=4, n_iter=10, custom_grid={'learning_rate': [0.1, 0.2, 0.5], 'n_estimators': [100, 500, 1000], 'min_samples_split': [1, 2, 5, 10], 'max_depth': [1, 3, 9]}, optimize=AUC, custom_scorer=None, search_library=scikit-learn, search_algorithm=None, early_stopping=False, early_stopping_max_iters=10, choose_better=False, fit_kwargs=None, groups=None, return_tuner=False, verbose=True, tuner_verbose=True, display=None, kwargs={})
2022-01-14 16:56:41,313:INFO:Checking exceptions
2022-01-14 16:56:41,314:INFO:Preparing display monitor
2022-01-14 16:56:41,330:INFO:Copying training dataset
2022-01-14 16:56:41,331:INFO:Checking base model
2022-01-14 16:56:41,331:INFO:Base model : Gradient Boosting Classifier
2022-01-14 16:56:41,338:INFO:Declaring metric variables
2022-01-14 16:56:41,345:INFO:Defining Hyperparameters
2022-01-14 16:56:41,395:INFO:custom_grid: {'actual_estimator__learning_rate': [0.1, 0.2, 0.5], 'actual_estimator__n_estimators': [100, 500, 1000], 'actual_estimator__min_samples_split': [1, 2, 5, 10], 'actual_estimator__max_depth': [1, 3, 9]}
2022-01-14 16:56:41,396:INFO:Tuning with n_jobs=-1
2022-01-14 16:56:41,396:INFO:Initializing RandomizedSearchCV
2022-01-14 16:57:17,487:INFO:best_params: {'actual_estimator__n_estimators': 100, 'actual_estimator__min_samples_split': 2, 'actual_estimator__max_depth': 1, 'actual_estimator__learning_rate': 0.5}
2022-01-14 16:57:17,488:INFO:Hyperparameter search completed
2022-01-14 16:57:17,488:INFO:SubProcess create_model() called ==================================
2022-01-14 16:57:17,489:INFO:Initializing create_model()
2022-01-14 16:57:17,489:INFO:create_model(estimator=GradientBoostingClassifier(ccp_alpha=0.0, criterion='friedman_mse', init=None,
                           learning_rate=0.1, loss='deviance', max_depth=3,
                           max_features=None, max_leaf_nodes=None,
                           min_impurity_decrease=0.0, min_impurity_split=None,
                           min_samples_leaf=1, min_samples_split=2,
                           min_weight_fraction_leaf=0.0, n_estimators=100,
                           n_iter_no_change=None, presort='deprecated',
                           random_state=8585, subsample=1.0, tol=0.0001,
                           validation_fraction=0.1, verbose=0,
                           warm_start=False), fold=StratifiedKFold(n_splits=5, random_state=None, shuffle=False), round=4, cross_validation=True, predict=True, fit_kwargs={}, groups=None, refit=True, verbose=True, system=False, metrics=None, add_to_model_list=True, probability_threshold=None, display=<pycaret.internal.Display.Display object at 0x00000261BF52A448>, kwargs={'n_estimators': 100, 'min_samples_split': 2, 'max_depth': 1, 'learning_rate': 0.5})
2022-01-14 16:57:17,489:INFO:Checking exceptions
2022-01-14 16:57:17,489:INFO:Importing libraries
2022-01-14 16:57:17,490:INFO:Copying training dataset
2022-01-14 16:57:17,491:INFO:Defining folds
2022-01-14 16:57:17,491:INFO:Declaring metric variables
2022-01-14 16:57:17,499:INFO:Importing untrained model
2022-01-14 16:57:17,499:INFO:Declaring custom model
2022-01-14 16:57:17,507:INFO:Gradient Boosting Classifier Imported succesfully
2022-01-14 16:57:17,520:INFO:Starting cross validation
2022-01-14 16:57:17,521:INFO:Cross validating with StratifiedKFold(n_splits=5, random_state=None, shuffle=False), n_jobs=-1
2022-01-14 16:57:18,359:INFO:Calculating mean and std
2022-01-14 16:57:18,360:INFO:Creating metrics dataframe
2022-01-14 16:57:18,370:INFO:Finalizing model
2022-01-14 16:57:18,801:INFO:Uploading results into container
2022-01-14 16:57:18,801:INFO:Uploading model into container now
2022-01-14 16:57:18,801:INFO:create_model_container: 19
2022-01-14 16:57:18,801:INFO:master_model_container: 19
2022-01-14 16:57:18,802:INFO:display_container: 4
2022-01-14 16:57:18,802:INFO:GradientBoostingClassifier(ccp_alpha=0.0, criterion='friedman_mse', init=None,
                           learning_rate=0.5, loss='deviance', max_depth=1,
                           max_features=None, max_leaf_nodes=None,
                           min_impurity_decrease=0.0, min_impurity_split=None,
                           min_samples_leaf=1, min_samples_split=2,
                           min_weight_fraction_leaf=0.0, n_estimators=100,
                           n_iter_no_change=None, presort='deprecated',
                           random_state=8585, subsample=1.0, tol=0.0001,
                           validation_fraction=0.1, verbose=0,
                           warm_start=False)
2022-01-14 16:57:18,803:INFO:create_model() succesfully completed......................................
2022-01-14 16:57:18,852:INFO:SubProcess create_model() end ==================================
2022-01-14 16:57:18,861:INFO:create_model_container: 19
2022-01-14 16:57:18,861:INFO:master_model_container: 19
2022-01-14 16:57:18,861:INFO:display_container: 4
2022-01-14 16:57:18,862:INFO:GradientBoostingClassifier(ccp_alpha=0.0, criterion='friedman_mse', init=None,
                           learning_rate=0.5, loss='deviance', max_depth=1,
                           max_features=None, max_leaf_nodes=None,
                           min_impurity_decrease=0.0, min_impurity_split=None,
                           min_samples_leaf=1, min_samples_split=2,
                           min_weight_fraction_leaf=0.0, n_estimators=100,
                           n_iter_no_change=None, presort='deprecated',
                           random_state=8585, subsample=1.0, tol=0.0001,
                           validation_fraction=0.1, verbose=0,
                           warm_start=False)
2022-01-14 16:57:18,862:INFO:tune_model() succesfully completed......................................
2022-01-14 16:57:29,284:INFO:Initializing predict_model()
2022-01-14 16:57:29,284:INFO:predict_model(estimator=GradientBoostingClassifier(ccp_alpha=0.0, criterion='friedman_mse', init=None,
                           learning_rate=0.1, loss='deviance', max_depth=3,
                           max_features=None, max_leaf_nodes=None,
                           min_impurity_decrease=0.0, min_impurity_split=None,
                           min_samples_leaf=1, min_samples_split=2,
                           min_weight_fraction_leaf=0.0, n_estimators=100,
                           n_iter_no_change=None, presort='deprecated',
                           random_state=8585, subsample=1.0, tol=0.0001,
                           validation_fraction=0.1, verbose=0,
                           warm_start=False), probability_threshold=None, encoded_labels=False, raw_score=False, round=4, verbose=True, ml_usecase=MLUsecase.CLASSIFICATION, display=None)
2022-01-14 16:57:29,284:INFO:Checking exceptions
2022-01-14 16:57:29,284:INFO:Preloading libraries
2022-01-14 16:57:29,284:INFO:Preparing display monitor
2022-01-14 16:57:39,704:INFO:Initializing finalize_model()
2022-01-14 16:57:39,704:INFO:finalize_model(estimator=GradientBoostingClassifier(ccp_alpha=0.0, criterion='friedman_mse', init=None,
                           learning_rate=0.1, loss='deviance', max_depth=3,
                           max_features=None, max_leaf_nodes=None,
                           min_impurity_decrease=0.0, min_impurity_split=None,
                           min_samples_leaf=1, min_samples_split=2,
                           min_weight_fraction_leaf=0.0, n_estimators=100,
                           n_iter_no_change=None, presort='deprecated',
                           random_state=8585, subsample=1.0, tol=0.0001,
                           validation_fraction=0.1, verbose=0,
                           warm_start=False), fit_kwargs=None, groups=None, model_only=True, display=None)
2022-01-14 16:57:39,705:INFO:Finalizing GradientBoostingClassifier(ccp_alpha=0.0, criterion='friedman_mse', init=None,
                           learning_rate=0.1, loss='deviance', max_depth=3,
                           max_features=None, max_leaf_nodes=None,
                           min_impurity_decrease=0.0, min_impurity_split=None,
                           min_samples_leaf=1, min_samples_split=2,
                           min_weight_fraction_leaf=0.0, n_estimators=100,
                           n_iter_no_change=None, presort='deprecated',
                           random_state=8585, subsample=1.0, tol=0.0001,
                           validation_fraction=0.1, verbose=0,
                           warm_start=False)
2022-01-14 16:57:39,706:INFO:Initializing create_model()
2022-01-14 16:57:39,706:INFO:create_model(estimator=GradientBoostingClassifier(ccp_alpha=0.0, criterion='friedman_mse', init=None,
                           learning_rate=0.1, loss='deviance', max_depth=3,
                           max_features=None, max_leaf_nodes=None,
                           min_impurity_decrease=0.0, min_impurity_split=None,
                           min_samples_leaf=1, min_samples_split=2,
                           min_weight_fraction_leaf=0.0, n_estimators=100,
                           n_iter_no_change=None, presort='deprecated',
                           random_state=8585, subsample=1.0, tol=0.0001,
                           validation_fraction=0.1, verbose=0,
                           warm_start=False), fold=None, round=4, cross_validation=True, predict=True, fit_kwargs={}, groups=None, refit=True, verbose=False, system=False, metrics=None, add_to_model_list=False, probability_threshold=None, display=None, kwargs={})
2022-01-14 16:57:39,706:INFO:Checking exceptions
2022-01-14 16:57:39,706:INFO:Importing libraries
2022-01-14 16:57:39,706:INFO:Copying training dataset
2022-01-14 16:57:39,707:INFO:Defining folds
2022-01-14 16:57:39,708:INFO:Declaring metric variables
2022-01-14 16:57:39,708:INFO:Importing untrained model
2022-01-14 16:57:39,708:INFO:Declaring custom model
2022-01-14 16:57:39,710:INFO:Gradient Boosting Classifier Imported succesfully
2022-01-14 16:57:39,710:INFO:Starting cross validation
2022-01-14 16:57:39,711:INFO:Cross validating with StratifiedKFold(n_splits=10, random_state=None, shuffle=False), n_jobs=-1
2022-01-14 16:57:43,555:INFO:Calculating mean and std
2022-01-14 16:57:43,555:INFO:Creating metrics dataframe
2022-01-14 16:57:43,558:INFO:Finalizing model
2022-01-14 16:57:44,840:INFO:create_model_container: 19
2022-01-14 16:57:44,841:INFO:master_model_container: 19
2022-01-14 16:57:44,841:INFO:display_container: 5
2022-01-14 16:57:44,842:INFO:GradientBoostingClassifier(ccp_alpha=0.0, criterion='friedman_mse', init=None,
                           learning_rate=0.1, loss='deviance', max_depth=3,
                           max_features=None, max_leaf_nodes=None,
                           min_impurity_decrease=0.0, min_impurity_split=None,
                           min_samples_leaf=1, min_samples_split=2,
                           min_weight_fraction_leaf=0.0, n_estimators=100,
                           n_iter_no_change=None, presort='deprecated',
                           random_state=8585, subsample=1.0, tol=0.0001,
                           validation_fraction=0.1, verbose=0,
                           warm_start=False)
2022-01-14 16:57:44,842:INFO:create_model() succesfully completed......................................
2022-01-14 16:57:44,888:INFO:create_model_container: 19
2022-01-14 16:57:44,889:INFO:master_model_container: 19
2022-01-14 16:57:44,889:INFO:display_container: 4
2022-01-14 16:57:44,889:INFO:GradientBoostingClassifier(ccp_alpha=0.0, criterion='friedman_mse', init=None,
                           learning_rate=0.1, loss='deviance', max_depth=3,
                           max_features=None, max_leaf_nodes=None,
                           min_impurity_decrease=0.0, min_impurity_split=None,
                           min_samples_leaf=1, min_samples_split=2,
                           min_weight_fraction_leaf=0.0, n_estimators=100,
                           n_iter_no_change=None, presort='deprecated',
                           random_state=8585, subsample=1.0, tol=0.0001,
                           validation_fraction=0.1, verbose=0,
                           warm_start=False)
2022-01-14 16:57:44,889:INFO:finalize_model() succesfully completed......................................
2022-01-14 16:57:44,958:INFO:Initializing save_model()
2022-01-14 16:57:44,958:INFO:save_model(model=GradientBoostingClassifier(ccp_alpha=0.0, criterion='friedman_mse', init=None,
                           learning_rate=0.1, loss='deviance', max_depth=3,
                           max_features=None, max_leaf_nodes=None,
                           min_impurity_decrease=0.0, min_impurity_split=None,
                           min_samples_leaf=1, min_samples_split=2,
                           min_weight_fraction_leaf=0.0, n_estimators=100,
                           n_iter_no_change=None, presort='deprecated',
                           random_state=8585, subsample=1.0, tol=0.0001,
                           validation_fraction=0.1, verbose=0,
                           warm_start=False), model_name=model, prep_pipe_=Pipeline(memory=None,
         steps=[('dtypes',
                 DataTypes_Auto_infer(categorical_features=[],
                                      display_types=True, features_todrop=[],
                                      id_columns=[],
                                      ml_usecase='classification',
                                      numerical_features=['yearsAtCompany'],
                                      target='turnover', time_features=[])),
                ('imputer',
                 Simple_Imputer(categorical_strategy='not_available',
                                fill_value_categorical=None,
                                fill_value_numerical=...
                ('P_transform', 'passthrough'), ('binn', 'passthrough'),
                ('rem_outliers', 'passthrough'), ('cluster_all', 'passthrough'),
                ('dummy', Dummify(target='turnover')),
                ('fix_perfect', Remove_100(target='turnover')),
                ('clean_names', Clean_Colum_Names()),
                ('feature_select', 'passthrough'), ('fix_multi', 'passthrough'),
                ('dfs', 'passthrough'), ('pca', 'passthrough')],
         verbose=False), verbose=True, kwargs={})
2022-01-14 16:57:44,959:INFO:Adding model into prep_pipe
2022-01-14 16:57:44,970:INFO:model.pkl saved in current working directory
2022-01-14 16:57:44,975:INFO:Pipeline(memory=None,
         steps=[('dtypes',
                 DataTypes_Auto_infer(categorical_features=[],
                                      display_types=True, features_todrop=[],
                                      id_columns=[],
                                      ml_usecase='classification',
                                      numerical_features=['yearsAtCompany'],
                                      target='turnover', time_features=[])),
                ('imputer',
                 Simple_Imputer(categorical_strategy='not_available',
                                fill_value_categorical=None,
                                fill_value_numerical=...
                                            learning_rate=0.1, loss='deviance',
                                            max_depth=3, max_features=None,
                                            max_leaf_nodes=None,
                                            min_impurity_decrease=0.0,
                                            min_impurity_split=None,
                                            min_samples_leaf=1,
                                            min_samples_split=2,
                                            min_weight_fraction_leaf=0.0,
                                            n_estimators=100,
                                            n_iter_no_change=None,
                                            presort='deprecated',
                                            random_state=8585, subsample=1.0,
                                            tol=0.0001, validation_fraction=0.1,
                                            verbose=0, warm_start=False)]],
         verbose=False)
2022-01-14 16:57:44,976:INFO:save_model() successfully completed......................................
